2014/12/16 11:14:47 [error] [exception.CException] exception 'CException' with message 'Property "Indicator.indicatorFrequencyMappings" is not defined.' in /var/www/yii-1.1.15/framework/base/CComponent.php:130
Stack trace:
#0 /var/www/yii-1.1.15/framework/db/ar/CActiveRecord.php(145): CComponent->__get('indicatorFreque...')
#1 /var/www/eams/protected/commands/IndicatorReportingCommand.php(48): CActiveRecord->__get('indicatorFreque...')
#2 /var/www/eams/protected/commands/IndicatorReportingCommand.php(30): IndicatorReportingCommand->triggerNotification('quarterly')
#3 /var/www/yii-1.1.15/framework/console/CConsoleCommandRunner.php(71): IndicatorReportingCommand->run(Array)
#4 /var/www/yii-1.1.15/framework/console/CConsoleApplication.php(92): CConsoleCommandRunner->run(Array)
#5 /var/www/yii-1.1.15/framework/base/CApplication.php(180): CConsoleApplication->processRequest()
#6 /var/www/eams/cron.php(13): CApplication->run()
#7 {main}
---
2014/12/16 11:23:47 [error] [php] Undefined offset: 0 (/var/www/eams/protected/commands/IndicatorReportingCommand.php:48)
Stack trace:
#0 /var/www/yii-1.1.15/framework/console/CConsoleApplication.php(92): CConsoleCommandRunner->run()
#1 /var/www/yii-1.1.15/framework/base/CApplication.php(180): CConsoleApplication->processRequest()
#2 /var/www/eams/cron.php(13): CConsoleApplication->run()

in /var/www/eams/protected/commands/IndicatorReportingCommand.php (48)
in /var/www/eams/protected/commands/IndicatorReportingCommand.php (30)
in /var/www/eams/cron.php (13)
2014/12/16 11:24:01 [error] [php] Undefined offset: 0 (/var/www/eams/protected/commands/IndicatorReportingCommand.php:48)
Stack trace:
#0 /var/www/yii-1.1.15/framework/console/CConsoleApplication.php(92): CConsoleCommandRunner->run()
#1 /var/www/yii-1.1.15/framework/base/CApplication.php(180): CConsoleApplication->processRequest()
#2 /var/www/eams/cron.php(13): CConsoleApplication->run()

in /var/www/eams/protected/commands/IndicatorReportingCommand.php (48)
in /var/www/eams/protected/commands/IndicatorReportingCommand.php (30)
in /var/www/eams/cron.php (13)
2014/12/16 11:25:29 [error] [php] Undefined offset: 0 (/var/www/eams/protected/commands/IndicatorReportingCommand.php:48)
Stack trace:
#0 /var/www/yii-1.1.15/framework/console/CConsoleApplication.php(92): CConsoleCommandRunner->run()
#1 /var/www/yii-1.1.15/framework/base/CApplication.php(180): CConsoleApplication->processRequest()
#2 /var/www/eams/cron.php(13): CConsoleApplication->run()

in /var/www/eams/protected/commands/IndicatorReportingCommand.php (48)
in /var/www/eams/protected/commands/IndicatorReportingCommand.php (30)
in /var/www/eams/cron.php (13)
2014/12/16 11:26:06 [error] [php] Trying to get property of non-object (/var/www/eams/protected/commands/IndicatorReportingCommand.php:48)
Stack trace:
#0 /var/www/yii-1.1.15/framework/console/CConsoleApplication.php(92): CConsoleCommandRunner->run()
#1 /var/www/yii-1.1.15/framework/base/CApplication.php(180): CConsoleApplication->processRequest()
#2 /var/www/eams/cron.php(13): CConsoleApplication->run()

in /var/www/eams/protected/commands/IndicatorReportingCommand.php (48)
in /var/www/eams/protected/commands/IndicatorReportingCommand.php (30)
in /var/www/eams/cron.php (13)
2014/12/16 11:26:26 [error] [php] Trying to get property of non-object (/var/www/eams/protected/commands/IndicatorReportingCommand.php:48)
Stack trace:
#0 /var/www/yii-1.1.15/framework/console/CConsoleApplication.php(92): CConsoleCommandRunner->run()
#1 /var/www/yii-1.1.15/framework/base/CApplication.php(180): CConsoleApplication->processRequest()
#2 /var/www/eams/cron.php(13): CConsoleApplication->run()

in /var/www/eams/protected/commands/IndicatorReportingCommand.php (48)
in /var/www/eams/protected/commands/IndicatorReportingCommand.php (30)
in /var/www/eams/cron.php (13)
2014/12/16 11:26:51 [error] [php] Undefined offset: 0 (/var/www/eams/protected/commands/IndicatorReportingCommand.php:48)
Stack trace:
#0 /var/www/yii-1.1.15/framework/console/CConsoleApplication.php(92): CConsoleCommandRunner->run()
#1 /var/www/yii-1.1.15/framework/base/CApplication.php(180): CConsoleApplication->processRequest()
#2 /var/www/eams/cron.php(13): CConsoleApplication->run()

in /var/www/eams/protected/commands/IndicatorReportingCommand.php (48)
in /var/www/eams/protected/commands/IndicatorReportingCommand.php (30)
in /var/www/eams/cron.php (13)
2014/12/16 11:28:09 [error] [php] Undefined offset: 0 (/var/www/eams/protected/commands/IndicatorReportingCommand.php:48)
Stack trace:
#0 /var/www/yii-1.1.15/framework/console/CConsoleApplication.php(92): CConsoleCommandRunner->run()
#1 /var/www/yii-1.1.15/framework/base/CApplication.php(180): CConsoleApplication->processRequest()
#2 /var/www/eams/cron.php(13): CConsoleApplication->run()

in /var/www/eams/protected/commands/IndicatorReportingCommand.php (48)
in /var/www/eams/protected/commands/IndicatorReportingCommand.php (30)
in /var/www/eams/cron.php (13)
2014/12/16 11:28:32 [error] [php] Undefined offset: 0 (/var/www/eams/protected/commands/IndicatorReportingCommand.php:47)
Stack trace:
#0 /var/www/yii-1.1.15/framework/console/CConsoleApplication.php(92): CConsoleCommandRunner->run()
#1 /var/www/yii-1.1.15/framework/base/CApplication.php(180): CConsoleApplication->processRequest()
#2 /var/www/eams/cron.php(13): CConsoleApplication->run()

in /var/www/eams/protected/commands/IndicatorReportingCommand.php (47)
in /var/www/eams/protected/commands/IndicatorReportingCommand.php (30)
in /var/www/eams/cron.php (13)
2014/12/16 11:44:21 [error] [php] Undefined offset: 0 (/var/www/eams/protected/commands/IndicatorReportingCommand.php:19)
Stack trace:
#0 /var/www/yii-1.1.15/framework/base/CApplication.php(180): CConsoleApplication->processRequest()
#1 /var/www/eams/cron.php(13): CConsoleApplication->run()

in /var/www/eams/protected/commands/IndicatorReportingCommand.php (19)
in /var/www/eams/cron.php (13)
2014/12/16 12:48:02 [error] [system.db.CDbCommand] CDbCommand::fetch() failed: SQLSTATE[42S22]: Column not found: 1054 Unknown column 'datetimekey' in 'where clause'. The SQL statement executed was: SELECT * FROM `tbl_time_dimension` `t` WHERE datetimekey=:key LIMIT 1.
in /var/www/eams/protected/models/TimeDimension.php (98)
in /var/www/eams/protected/commands/IndicatorReportingCommand.php (58)
in /var/www/eams/protected/commands/IndicatorReportingCommand.php (35)
2014/12/16 12:48:02 [error] [exception.CDbException] exception 'CDbException' with message 'CDbCommand failed to execute the SQL statement: SQLSTATE[42S22]: Column not found: 1054 Unknown column 'datetimekey' in 'where clause'. The SQL statement executed was: SELECT * FROM `tbl_time_dimension` `t` WHERE datetimekey=:key LIMIT 1' in /var/www/yii-1.1.15/framework/db/CDbCommand.php:543
Stack trace:
#0 /var/www/yii-1.1.15/framework/db/CDbCommand.php(415): CDbCommand->queryInternal('fetch', Array, Array)
#1 /var/www/yii-1.1.15/framework/db/ar/CActiveRecord.php(1351): CDbCommand->queryRow()
#2 /var/www/yii-1.1.15/framework/db/ar/CActiveRecord.php(1456): CActiveRecord->query(Object(CDbCriteria))
#3 /var/www/eams/protected/models/TimeDimension.php(98): CActiveRecord->find('datetimekey=:ke...', Array)
#4 /var/www/eams/protected/commands/IndicatorReportingCommand.php(58): TimeDimension::getTimeIdByDate('161214')
#5 /var/www/eams/protected/commands/IndicatorReportingCommand.php(35): IndicatorReportingCommand->triggerNotification('quarterly')
#6 /var/www/yii-1.1.15/framework/console/CConsoleCommandRunner.php(71): IndicatorReportingCommand->run(Array)
#7 /var/www/yii-1.1.15/framework/console/CConsoleApplication.php(92): CConsoleCommandRunner->run(Array)
#8 /var/www/yii-1.1.15/framework/base/CApplication.php(180): CConsoleApplication->processRequest()
#9 /var/www/eams/cron.php(13): CApplication->run()
#10 {main}
---
2014/12/16 12:57:49 [error] [system.db.CDbCommand] CDbCommand::fetch() failed: SQLSTATE[42S22]: Column not found: 1054 Unknown column 'frequency_id' in 'where clause'. The SQL statement executed was: SELECT * FROM `tbl_eams_framework_indicator_mapping` `t` WHERE indicator_id=:i AND frequency_id=:f LIMIT 1.
in /var/www/eams/protected/commands/IndicatorReportingCommand.php (62)
in /var/www/eams/protected/commands/IndicatorReportingCommand.php (35)
in /var/www/eams/cron.php (13)
2014/12/16 12:57:49 [error] [exception.CDbException] exception 'CDbException' with message 'CDbCommand failed to execute the SQL statement: SQLSTATE[42S22]: Column not found: 1054 Unknown column 'frequency_id' in 'where clause'. The SQL statement executed was: SELECT * FROM `tbl_eams_framework_indicator_mapping` `t` WHERE indicator_id=:i AND frequency_id=:f LIMIT 1' in /var/www/yii-1.1.15/framework/db/CDbCommand.php:543
Stack trace:
#0 /var/www/yii-1.1.15/framework/db/CDbCommand.php(415): CDbCommand->queryInternal('fetch', Array, Array)
#1 /var/www/yii-1.1.15/framework/db/ar/CActiveRecord.php(1351): CDbCommand->queryRow()
#2 /var/www/yii-1.1.15/framework/db/ar/CActiveRecord.php(1456): CActiveRecord->query(Object(CDbCriteria))
#3 /var/www/eams/protected/commands/IndicatorReportingCommand.php(62): CActiveRecord->find('indicator_id=:i...', Array)
#4 /var/www/eams/protected/commands/IndicatorReportingCommand.php(35): IndicatorReportingCommand->triggerNotification('quarterly')
#5 /var/www/yii-1.1.15/framework/console/CConsoleCommandRunner.php(71): IndicatorReportingCommand->run(Array)
#6 /var/www/yii-1.1.15/framework/console/CConsoleApplication.php(92): CConsoleCommandRunner->run(Array)
#7 /var/www/yii-1.1.15/framework/base/CApplication.php(180): CConsoleApplication->processRequest()
#8 /var/www/eams/cron.php(13): CApplication->run()
#9 {main}
---
2014/12/16 13:11:48 [error] [system.db.CDbCommand] CDbCommand::execute() failed: SQLSTATE[23000]: Integrity constraint violation: 1452 Cannot add or update a child row: a foreign key constraint fails (`eams_country_db`.`tbl_eams_facts`, CONSTRAINT `tbl_eams_facts_ibfk_2` FOREIGN KEY (`framework_ind_id`) REFERENCES `tbl_eams_framework_indicator_mapping` (`id`)). The SQL statement executed was: INSERT INTO `tbl_eams_facts` (`is_reported`, `framework_ind_id`, `time_id`) VALUES (:yp0, :yp1, :yp2).
in /var/www/eams/protected/commands/IndicatorReportingCommand.php (70)
in /var/www/eams/protected/commands/IndicatorReportingCommand.php (35)
in /var/www/eams/cron.php (13)
2014/12/16 13:11:48 [error] [exception.CDbException] exception 'CDbException' with message 'CDbCommand failed to execute the SQL statement: SQLSTATE[23000]: Integrity constraint violation: 1452 Cannot add or update a child row: a foreign key constraint fails (`eams_country_db`.`tbl_eams_facts`, CONSTRAINT `tbl_eams_facts_ibfk_2` FOREIGN KEY (`framework_ind_id`) REFERENCES `tbl_eams_framework_indicator_mapping` (`id`)). The SQL statement executed was: INSERT INTO `tbl_eams_facts` (`is_reported`, `framework_ind_id`, `time_id`) VALUES (:yp0, :yp1, :yp2)' in /var/www/yii-1.1.15/framework/db/CDbCommand.php:358
Stack trace:
#0 /var/www/yii-1.1.15/framework/db/ar/CActiveRecord.php(1077): CDbCommand->execute()
#1 /var/www/yii-1.1.15/framework/db/ar/CActiveRecord.php(806): CActiveRecord->insert(NULL)
#2 /var/www/eams/protected/commands/IndicatorReportingCommand.php(70): CActiveRecord->save()
#3 /var/www/eams/protected/commands/IndicatorReportingCommand.php(35): IndicatorReportingCommand->triggerNotification('quarterly')
#4 /var/www/yii-1.1.15/framework/console/CConsoleCommandRunner.php(71): IndicatorReportingCommand->run(Array)
#5 /var/www/yii-1.1.15/framework/console/CConsoleApplication.php(92): CConsoleCommandRunner->run(Array)
#6 /var/www/yii-1.1.15/framework/base/CApplication.php(180): CConsoleApplication->processRequest()
#7 /var/www/eams/cron.php(13): CApplication->run()
#8 {main}
---
2014/12/16 13:13:50 [error] [system.db.CDbCommand] CDbCommand::execute() failed: SQLSTATE[23000]: Integrity constraint violation: 1452 Cannot add or update a child row: a foreign key constraint fails (`eams_country_db`.`tbl_eams_facts`, CONSTRAINT `tbl_eams_facts_ibfk_1` FOREIGN KEY (`time_id`) REFERENCES `tbl_frequency` (`id`)). The SQL statement executed was: INSERT INTO `tbl_eams_facts` (`is_reported`, `framework_ind_id`, `time_id`) VALUES (:yp0, :yp1, :yp2).
in /var/www/eams/protected/commands/IndicatorReportingCommand.php (70)
in /var/www/eams/protected/commands/IndicatorReportingCommand.php (35)
in /var/www/eams/cron.php (13)
2014/12/16 13:13:50 [error] [exception.CDbException] exception 'CDbException' with message 'CDbCommand failed to execute the SQL statement: SQLSTATE[23000]: Integrity constraint violation: 1452 Cannot add or update a child row: a foreign key constraint fails (`eams_country_db`.`tbl_eams_facts`, CONSTRAINT `tbl_eams_facts_ibfk_1` FOREIGN KEY (`time_id`) REFERENCES `tbl_frequency` (`id`)). The SQL statement executed was: INSERT INTO `tbl_eams_facts` (`is_reported`, `framework_ind_id`, `time_id`) VALUES (:yp0, :yp1, :yp2)' in /var/www/yii-1.1.15/framework/db/CDbCommand.php:358
Stack trace:
#0 /var/www/yii-1.1.15/framework/db/ar/CActiveRecord.php(1077): CDbCommand->execute()
#1 /var/www/yii-1.1.15/framework/db/ar/CActiveRecord.php(806): CActiveRecord->insert(NULL)
#2 /var/www/eams/protected/commands/IndicatorReportingCommand.php(70): CActiveRecord->save()
#3 /var/www/eams/protected/commands/IndicatorReportingCommand.php(35): IndicatorReportingCommand->triggerNotification('quarterly')
#4 /var/www/yii-1.1.15/framework/console/CConsoleCommandRunner.php(71): IndicatorReportingCommand->run(Array)
#5 /var/www/yii-1.1.15/framework/console/CConsoleApplication.php(92): CConsoleCommandRunner->run(Array)
#6 /var/www/yii-1.1.15/framework/base/CApplication.php(180): CConsoleApplication->processRequest()
#7 /var/www/eams/cron.php(13): CApplication->run()
#8 {main}
---
2016/04/14 16:12:16 [error] [exception.CDbException] exception 'CDbException' with message 'CDbConnection failed to open the DB connection: SQLSTATE[28000] [1045] Access denied for user 'root'@'localhost' (using password: YES)' in /var/www/html/eams/framework/db/CDbConnection.php:382
Stack trace:
#0 /var/www/html/eams/framework/db/CDbConnection.php(330): CDbConnection->open()
#1 /var/www/html/eams/framework/db/CDbConnection.php(308): CDbConnection->setActive(true)
#2 /var/www/html/eams/framework/base/CModule.php(387): CDbConnection->init()
#3 /var/www/html/eams/framework/base/CApplication.php(450): CModule->getComponent('db')
#4 /var/www/html/eams/framework/db/ar/CActiveRecord.php(634): CApplication->getDb()
#5 /var/www/html/eams/framework/db/ar/CActiveRecord.php(667): CActiveRecord->getDbConnection()
#6 /var/www/html/eams/framework/db/ar/CActiveRecord.php(1469): CActiveRecord->getCommandBuilder()
#7 /var/www/html/eams/protected/commands/DecisionsDeadlineNotificationCommand.php(74): CActiveRecord->findAll()
#8 /var/www/html/eams/protected/commands/DecisionsDeadlineNotificationCommand.php(21): DecisionsDeadlineNotificationCommand->getMDAs()
#9 /var/www/html/eams/protected/commands/DecisionsDeadlineNotificationCommand.php(16): DecisionsDeadlineNotificationCommand->sendNotifications()
#10 /var/www/html/eams/protected/commands/DecisionsDeadlineNotificationCommand.php(12): DecisionsDeadlineNotificationCommand->triggerNotification()
#11 /var/www/html/eams/framework/console/CConsoleCommandRunner.php(71): DecisionsDeadlineNotificationCommand->run(Array)
#12 /var/www/html/eams/framework/console/CConsoleApplication.php(92): CConsoleCommandRunner->run(Array)
#13 /var/www/html/eams/framework/base/CApplication.php(180): CConsoleApplication->processRequest()
#14 /var/www/html/eams/framework/yiic.php(33): CApplication->run()
#15 /var/www/html/eams/protected/yiic.php(7): require_once('/var/www/html/e...')
#16 /var/www/html/eams/protected/yiic(4): require_once('/var/www/html/e...')
#17 {main}
---
2016/04/14 16:12:53 [error] [php] Invalid argument supplied for foreach() (/var/www/html/eams/protected/commands/DecisionsDeadlineNotificationCommand.php:55)
Stack trace:
#0 /var/www/html/eams/protected/commands/DecisionsDeadlineNotificationCommand.php(12): DecisionsDeadlineNotificationCommand->triggerNotification()
#1 /var/www/html/eams/framework/console/CConsoleCommandRunner.php(71): DecisionsDeadlineNotificationCommand->run()
#2 /var/www/html/eams/framework/console/CConsoleApplication.php(92): CConsoleCommandRunner->run()
#3 /var/www/html/eams/framework/base/CApplication.php(180): CConsoleApplication->processRequest()
#4 /var/www/html/eams/framework/yiic.php(33): CConsoleApplication->run()
#5 /var/www/html/eams/protected/yiic.php(7): require_once()
#6 /var/www/html/eams/protected/yiic(4): require_once()

2016/04/14 16:13:15 [error] [php] Invalid argument supplied for foreach() (/var/www/html/eams/protected/commands/DecisionsDeadlineNotificationCommand.php:55)
Stack trace:
#0 /var/www/html/eams/protected/commands/DecisionsDeadlineNotificationCommand.php(12): DecisionsDeadlineNotificationCommand->triggerNotification()
#1 /var/www/html/eams/framework/console/CConsoleCommandRunner.php(71): DecisionsDeadlineNotificationCommand->run()
#2 /var/www/html/eams/framework/console/CConsoleApplication.php(92): CConsoleCommandRunner->run()
#3 /var/www/html/eams/framework/base/CApplication.php(180): CConsoleApplication->processRequest()
#4 /var/www/html/eams/framework/yiic.php(33): CConsoleApplication->run()
#5 /var/www/html/eams/protected/yiic.php(7): require_once()
#6 /var/www/html/eams/protected/yiic(4): require_once()

2016/04/14 16:15:49 [error] [php] Invalid argument supplied for foreach() (/var/www/html/eams/protected/commands/DecisionsDeadlineNotificationCommand.php:55)
Stack trace:
#0 /var/www/html/eams/protected/commands/DecisionsDeadlineNotificationCommand.php(12): DecisionsDeadlineNotificationCommand->triggerNotification()
#1 /var/www/html/eams/framework/console/CConsoleCommandRunner.php(71): DecisionsDeadlineNotificationCommand->run()
#2 /var/www/html/eams/framework/console/CConsoleApplication.php(92): CConsoleCommandRunner->run()
#3 /var/www/html/eams/framework/base/CApplication.php(180): CConsoleApplication->processRequest()
#4 /var/www/html/eams/framework/yiic.php(33): CConsoleApplication->run()
#5 /var/www/html/eams/protected/yiic.php(7): require_once()
#6 /var/www/html/eams/protected/yiic(4): require_once()

2016/04/14 16:16:01 [error] [php] Invalid argument supplied for foreach() (/var/www/html/eams/protected/commands/DecisionsDeadlineNotificationCommand.php:55)
Stack trace:
#0 /var/www/html/eams/protected/commands/DecisionsDeadlineNotificationCommand.php(12): DecisionsDeadlineNotificationCommand->triggerNotification()
#1 /var/www/html/eams/framework/console/CConsoleCommandRunner.php(71): DecisionsDeadlineNotificationCommand->run()
#2 /var/www/html/eams/framework/console/CConsoleApplication.php(92): CConsoleCommandRunner->run()
#3 /var/www/html/eams/framework/base/CApplication.php(180): CConsoleApplication->processRequest()
#4 /var/www/html/eams/framework/yiic.php(33): CConsoleApplication->run()
#5 /var/www/html/eams/protected/yiic.php(7): require_once()
#6 /var/www/html/eams/protected/yiic(4): require_once()

2016/04/14 16:16:31 [error] [php] Invalid argument supplied for foreach() (/var/www/html/eams/protected/commands/DecisionsDeadlineNotificationCommand.php:55)
Stack trace:
#0 /var/www/html/eams/protected/commands/DecisionsDeadlineNotificationCommand.php(12): DecisionsDeadlineNotificationCommand->triggerNotification()
#1 /var/www/html/eams/framework/console/CConsoleCommandRunner.php(71): DecisionsDeadlineNotificationCommand->run()
#2 /var/www/html/eams/framework/console/CConsoleApplication.php(92): CConsoleCommandRunner->run()
#3 /var/www/html/eams/framework/base/CApplication.php(180): CConsoleApplication->processRequest()
#4 /var/www/html/eams/framework/yiic.php(33): CConsoleApplication->run()
#5 /var/www/html/eams/protected/yiic.php(7): require_once()
#6 /var/www/html/eams/protected/yiic(4): require_once()

2016/04/14 16:17:38 [error] [php] Invalid argument supplied for foreach() (/var/www/html/eams/protected/commands/DecisionsDeadlineNotificationCommand.php:55)
Stack trace:
#0 /var/www/html/eams/protected/commands/DecisionsDeadlineNotificationCommand.php(12): DecisionsDeadlineNotificationCommand->triggerNotification()
#1 /var/www/html/eams/framework/console/CConsoleCommandRunner.php(71): DecisionsDeadlineNotificationCommand->run()
#2 /var/www/html/eams/framework/console/CConsoleApplication.php(92): CConsoleCommandRunner->run()
#3 /var/www/html/eams/framework/base/CApplication.php(180): CConsoleApplication->processRequest()
#4 /var/www/html/eams/framework/yiic.php(33): CConsoleApplication->run()
#5 /var/www/html/eams/protected/yiic.php(7): require_once()
#6 /var/www/html/eams/protected/yiic(4): require_once()

2016/04/14 16:17:43 [error] [php] Invalid argument supplied for foreach() (/var/www/html/eams/protected/commands/DecisionsDeadlineNotificationCommand.php:55)
Stack trace:
#0 /var/www/html/eams/protected/commands/DecisionsDeadlineNotificationCommand.php(12): DecisionsDeadlineNotificationCommand->triggerNotification()
#1 /var/www/html/eams/framework/console/CConsoleCommandRunner.php(71): DecisionsDeadlineNotificationCommand->run()
#2 /var/www/html/eams/framework/console/CConsoleApplication.php(92): CConsoleCommandRunner->run()
#3 /var/www/html/eams/framework/base/CApplication.php(180): CConsoleApplication->processRequest()
#4 /var/www/html/eams/framework/yiic.php(33): CConsoleApplication->run()
#5 /var/www/html/eams/protected/yiic.php(7): require_once()
#6 /var/www/html/eams/protected/yiic(4): require_once()

2016/04/14 16:19:04 [error] [php] Invalid argument supplied for foreach() (/var/www/html/eams/protected/commands/DecisionsDeadlineNotificationCommand.php:89)
Stack trace:
#0 /var/www/html/eams/protected/commands/DecisionsDeadlineNotificationCommand.php(12): DecisionsDeadlineNotificationCommand->triggerNotification()
#1 /var/www/html/eams/framework/console/CConsoleCommandRunner.php(71): DecisionsDeadlineNotificationCommand->run()
#2 /var/www/html/eams/framework/console/CConsoleApplication.php(92): CConsoleCommandRunner->run()
#3 /var/www/html/eams/framework/base/CApplication.php(180): CConsoleApplication->processRequest()
#4 /var/www/html/eams/framework/yiic.php(33): CConsoleApplication->run()
#5 /var/www/html/eams/protected/yiic.php(7): require_once()
#6 /var/www/html/eams/protected/yiic(4): require_once()

